<?xml version="1.0" encoding="UTF-8" ?>
<testsuite errors="0" failures="0" hostname="antonio.pagano" name="UtilsDomainEmptyTests" tests="2" time="0.323" timestamp="2012-07-08T04:47:22">
  <properties />
  <testcase classname="UtilsDomainEmptyTests" name="firstShouldReturnNullOnEmpty" time="0.292" />
  <testcase classname="UtilsDomainEmptyTests" name="lastShouldReturnNullOnEmpty" time="0.0060" />
  <system-out><![CDATA[--Output from firstShouldReturnNullOnEmpty--
--Output from lastShouldReturnNullOnEmpty--
]]></system-out>
  <system-err><![CDATA[--Output from firstShouldReturnNullOnEmpty--
--Output from lastShouldReturnNullOnEmpty--
]]></system-err>
</testsuite>
